#
# A fatal error has been detected by the Java Runtime Environment:
#
#  SIGSEGV (0xb) at pc=0x00007fc9aef35e23, pid=2897, tid=0x00007fc95f8fc700
#
# JRE version: OpenJDK Runtime Environment (8.0_275-b01) (build 1.8.0_275-8u275-b01-0ubuntu1~18.04-b01)
# Java VM: OpenJDK 64-Bit Server VM (25.275-b01 mixed mode linux-amd64 compressed oops)
# Problematic frame:
# J 25304 C2 aag.n(Lapx;)Z (59 bytes) @ 0x00007fc9aef35e23 [0x00007fc9aef35d60+0xc3]
#
# Failed to write core dump. Core dumps have been disabled. To enable core dumping, try "ulimit -c unlimited" before starting Java again
#
# If you would like to submit a bug report, please visit:
#   http://bugreport.java.com/bugreport/crash.jsp
#

---------------  T H R E A D  ---------------

Current thread (0x00007fc9bccad800):  JavaThread "Server thread" [_thread_in_Java, id=2926, stack(0x00007fc95f7fc000,0x00007fc95f8fd000)]

siginfo: si_signo: 11 (SIGSEGV), si_code: 1 (SEGV_MAPERR), si_addr: 0x000000001080000c

Registers:
RAX=0x00000000e4ac1efc, RBX=0x0000000000000000, RCX=0x000000072560f7e0, RDX=0x00000007909e09e0
RSP=0x00007fc95f8fb2f0, RBP=0x00000007909e09e0, RSI=0x000000070960bbf8, RDI=0x00000000e12c1809
R8 =0x00000000643a3a25, R9 =0x0000000002100000, R10=0x00000000f213c176, R11=0x000000070960bbf8
R12=0x0000000000000000, R13=0x00000007c00115f0, R14=0x00000007909e0d78, R15=0x00007fc9bccad800
RIP=0x00007fc9aef35e23, EFLAGS=0x0000000000010206, CSGSFS=0x002b000000000033, ERR=0x0000000000000004
  TRAPNO=0x000000000000000e

Top of Stack: (sp=0x00007fc95f8fb2f0)
0x00007fc95f8fb2f0:   000000010000000a f213bf9500000001
0x00007fc95f8fb300:   00000007ba779f80 00000007909dfca8
0x00007fc95f8fb310:   000000070960bbf8 00007fc9b02143f8
0x00007fc95f8fb320:   000000070960bbf8 e635b0fef8049085
0x00007fc95f8fb330:   f74ef31600000000 000000070000000a
0x00007fc95f8fb340:   00000007909dfca8 00007fc9b02143f8
0x00007fc95f8fb350:   000000070960c0c8 00000004fffffff2
0x00007fc95f8fb360:   f74ef3f700000000 00007fc90000000a
0x00007fc95f8fb370:   00000007909e09e0 00007fc9b09e2dcc
0x00007fc95f8fb380:   000000070960bbf8 00007fc9a880a000
0x00007fc95f8fb390:   c06ab00000000000 4054600000000000
0x00007fc95f8fb3a0:   4050a00000000000 bfae7271e3a0680c
0x00007fc95f8fb3b0:   3fd5d84fb4ce8abc 00007fc9aec3765c
0x00007fc95f8fb3c0:   00000000e013e80e 00007fc9b0868f8c
0x00007fc95f8fb3d0:   00000000f213bf90 00007fc9ad4e86db
0x00007fc95f8fb3e0:   00000007909dfc18 0000000700000009
0x00007fc95f8fb3f0:   00000007907203a0 00007fc9b073d004
0x00007fc95f8fb400:   00000011e4eb7446 00000007909dfc30
0x00007fc95f8fb410:   0000001100000d1b 00000007005afec0
0x00007fc95f8fb420:   00000007909ddd90 00000007275ba270
0x00007fc95f8fb430:   00000007c00016d0 00000007c039ff70
0x00007fc95f8fb440:   00000000e013e80e 00007fc9b080857c
0x00007fc95f8fb450:   00000007909dfc18 00007fc9acd7176c
0x00007fc95f8fb460:   0000000703ec8ae8 0000000100000002
0x00007fc95f8fb470:   00000007907203a0 000000070960bbf8
0x00007fc95f8fb480:   00000007909e09e0 0000000700000000
0x00007fc95f8fb490:   00000000f213bc4b 00007fc9b04898f0
0x00007fc95f8fb4a0:   00000000e013e80e 00007fc9b06aa2dc
0x00007fc95f8fb4b0:   0000000708782f68 0000000700000001
0x00007fc95f8fb4c0:   00000007909de4f8 0000000708782f88
0x00007fc95f8fb4d0:   0000000710d7f840 000000070960bbf8
0x00007fc95f8fb4e0:   00000007907203a0 000000070960bbf8 

Instructions: (pc=0x00007fc9aef35e23)
0x00007fc9aef35e03:   ff c9 45 23 c8 44 3b c9 0f 83 0c 07 00 00 49 8d
0x00007fc9aef35e13:   0c c4 46 8b 4c 89 10 45 85 c9 0f 84 0c 01 00 00
0x00007fc9aef35e23:   43 8b 44 cc 0c 4b 8d 0c cc 41 3b c0 0f 84 21 03
0x00007fc9aef35e33:   00 00 43 8b 44 cc 18 85 c0 0f 84 ed 00 00 00 43 

Register to memory mapping:

RAX=0x00000000e4ac1efc is an unknown value
RBX=0x0000000000000000 is an unknown value
RCX=0x000000072560f7e0 is an oop
[Ljava.util.HashMap$Node; 
 - klass: 'java/util/HashMap$Node'[]
 - length: 1024
RDX=0x00000007909e09e0 is an oop
aqd 
 - klass: 'aqd'
RSP=0x00007fc95f8fb2f0 is pointing into the stack for thread: 0x00007fc9bccad800
RBP=0x00000007909e09e0 is an oop
aqd 
 - klass: 'aqd'
RSI=0x000000070960bbf8 is an oop
aag 
 - klass: 'aag'
RDI=0x00000000e12c1809 is an unknown value
R8 =0x00000000643a3a25 is an unknown value
R9 =0x0000000002100000 is an unknown value
R10=0x00000000f213c176 is an unknown value
R11=0x000000070960bbf8 is an oop
aag 
 - klass: 'aag'
R12=0x0000000000000000 is an unknown value
R13=0x00000007c00115f0 is pointing into metadata
R14=0x00000007909e0d78 is an oop
[C 
 - klass: {type array char}
 - length: 12
R15=0x00007fc9bccad800 is a thread


Stack: [0x00007fc95f7fc000,0x00007fc95f8fd000],  sp=0x00007fc95f8fb2f0,  free space=1020k
Native frames: (J=compiled Java code, j=interpreted, Vv=VM code, C=native code)
J 25304 C2 aag.n(Lapx;)Z (59 bytes) @ 0x00007fc9aef35e23 [0x00007fc9aef35d60+0xc3]
J 30950 C2 aag.m(Lapx;)Z (94 bytes) @ 0x00007fc9b09e2dcc [0x00007fc9b09e2d80+0x4c]
J 30946 C1 bul.a(Laag;Lfx;I)V (74 bytes) @ 0x00007fc9b0868f8c [0x00007fc9b0868700+0x88c]
J 30704 C1 byo.a(Lcee;Laag;Lfx;Lbly;)V (44 bytes) @ 0x00007fc9b06aa2dc [0x00007fc9b06aa0a0+0x23c]
J 29322 C2 bul.a(Lcee;Lbru;Lfx;Lccg;Lapx;Lbly;)V (45 bytes) @ 0x00007fc9b05474e0 [0x00007fc9b05466a0+0xe40]
J 29434 C2 bul.a(Lbru;Lbft;Lfx;Lcee;Lccg;Lbly;)V (31 bytes) @ 0x00007fc9af94f058 [0x00007fc9af94ef40+0x118]
J 30741 C2 aai.a(Lfx;Lsz$a;Ljava/lang/String;)V (70 bytes) @ 0x00007fc9afb734e4 [0x00007fc9afb72a00+0xae4]
J 30661 C2 aai.a(Lfx;Lsz$a;Lgc;I)V (829 bytes) @ 0x00007fc9b01f8764 [0x00007fc9b01f8400+0x364]
J 21077 C2 sz.a(Lni;)V (9 bytes) @ 0x00007fc9ade8d644 [0x00007fc9ade8d3e0+0x264]
J 21502 C2 net.minecraft.server.MinecraftServer.c(Ljava/lang/Runnable;)V (9 bytes) @ 0x00007fc9aeb38c3c [0x00007fc9aeb38b40+0xfc]
J 15382 C2 net.minecraft.server.MinecraftServer.y()Z (12 bytes) @ 0x00007fc9ae442e78 [0x00007fc9ae442be0+0x298]
J 29274% C2 net.minecraft.server.MinecraftServer.w()V (595 bytes) @ 0x00007fc9b048740c [0x00007fc9b0487140+0x2cc]
j  net.minecraft.server.MinecraftServer.a(Ljava/util/concurrent/atomic/AtomicReference;)V+7
j  net.minecraft.server.MinecraftServer$$Lambda$3283.run()V+4
j  java.lang.Thread.run()V+11
v  ~StubRoutines::call_stub
V  [libjvm.so+0x6af9ba]
V  [libjvm.so+0x6acf9b]
V  [libjvm.so+0x6ad587]
V  [libjvm.so+0x754dcb]
V  [libjvm.so+0xb071cf]
V  [libjvm.so+0xb0859a]
V  [libjvm.so+0x98eb62]
C  [libpthread.so.0+0x76db]  start_thread+0xdb


---------------  P R O C E S S  ---------------

Java Threads: ( => current thread )
  0x00007fc96c027800 JavaThread "Worker-Main-3948" daemon [_thread_blocked, id=23085, stack(0x00007fc91c4f4000,0x00007fc91c5f5000)]
  0x00007fc9484c3000 JavaThread "Worker-Main-3947" daemon [_thread_blocked, id=23080, stack(0x00007fc9209fb000,0x00007fc920afc000)]
  0x00007fc93001b800 JavaThread "Worker-Main-3946" daemon [_thread_blocked, id=23070, stack(0x00007fc9a82b9000,0x00007fc9a83ba000)]
  0x00007fc98c00a000 JavaThread "IO-Worker-3943" [_thread_blocked, id=23064, stack(0x00007fc91bdf3000,0x00007fc91bef4000)]
  0x00007fc9484c1800 JavaThread "IO-Worker-3933" [_thread_blocked, id=23024, stack(0x00007fc91c5f5000,0x00007fc91c6f6000)]
  0x00007fc940014000 JavaThread "Netty Epoll Server IO #7" daemon [_thread_in_native, id=3944, stack(0x00007fc95ece9000,0x00007fc95edea000)]
  0x00007fc940013000 JavaThread "Netty Epoll Server IO #6" daemon [_thread_in_native, id=3937, stack(0x00007fc95e8e7000,0x00007fc95e9e8000)]
  0x00007fc940012800 JavaThread "Netty Epoll Server IO #5" daemon [_thread_in_native, id=3924, stack(0x00007fc923cff000,0x00007fc923e00000)]
  0x00007fc940011800 JavaThread "Netty Epoll Server IO #4" daemon [_thread_in_native, id=3826, stack(0x00007fc994d00000,0x00007fc994e01000)]
  0x00007fc940010000 JavaThread "Netty Epoll Server IO #3" daemon [_thread_in_native, id=3821, stack(0x00007fc95eeeb000,0x00007fc95efec000)]
  0x00007fc94000f800 JavaThread "Netty Epoll Server IO #2" daemon [_thread_in_native, id=3816, stack(0x00007fc994e01000,0x00007fc994f02000)]
  0x00007fc94000b800 JavaThread "Netty Epoll Server IO #1" daemon [_thread_in_native, id=2986, stack(0x00007fc95fbfe000,0x00007fc95fcff000)]
  0x00007fc948298000 JavaThread "Java2D Disposer" daemon [_thread_blocked, id=2985, stack(0x00007fc95e00e000,0x00007fc95e10f000)]
  0x00007fc948277000 JavaThread "Server Watchdog" daemon [_thread_blocked, id=2984, stack(0x00007fc95e7e6000,0x00007fc95e8e7000)]
  0x00007fc948134800 JavaThread "Netty Epoll Server IO #0" daemon [_thread_in_native, id=2929, stack(0x00007fc95f1ec000,0x00007fc95f2ed000)]
  0x00007fc948130800 JavaThread "ObjectCleanerThread" daemon [_thread_blocked, id=2928, stack(0x00007fc9940fe000,0x00007fc9941ff000)]
  0x00007fc948001000 JavaThread "Server console handler" daemon [_thread_in_native, id=2927, stack(0x00007fc95f6fb000,0x00007fc95f7fc000)]
  0x00007fc9bc00b000 JavaThread "DestroyJavaVM" [_thread_blocked, id=2898, stack(0x00007fc9c3345000,0x00007fc9c3445000)]
=>0x00007fc9bccad800 JavaThread "Server thread" [_thread_in_Java, id=2926, stack(0x00007fc95f7fc000,0x00007fc95f8fd000)]
  0x00007fc9bccab800 JavaThread "Snooper Timer" daemon [_thread_blocked, id=2925, stack(0x00007fc95f8fd000,0x00007fc95f9fe000)]
  0x00007fc9bcdec800 JavaThread "Timer hack thread" daemon [_thread_blocked, id=2918, stack(0x00007fc9945ff000,0x00007fc994700000)]
  0x00007fc9bc192000 JavaThread "Service Thread" daemon [_thread_blocked, id=2910, stack(0x00007fc9a8f7e000,0x00007fc9a907f000)]
  0x00007fc9bc187000 JavaThread "C1 CompilerThread2" daemon [_thread_blocked, id=2909, stack(0x00007fc9a9080000,0x00007fc9a9180000)]
  0x00007fc9bc185000 JavaThread "C2 CompilerThread1" daemon [_thread_blocked, id=2908, stack(0x00007fc9a9181000,0x00007fc9a9281000)]
  0x00007fc9bc182000 JavaThread "C2 CompilerThread0" daemon [_thread_blocked, id=2907, stack(0x00007fc9a9282000,0x00007fc9a9382000)]
  0x00007fc9bc17f000 JavaThread "Signal Dispatcher" daemon [_thread_blocked, id=2906, stack(0x00007fc9a9382000,0x00007fc9a9483000)]
  0x00007fc9bc14e800 JavaThread "Finalizer" daemon [_thread_blocked, id=2905, stack(0x00007fc9a9761000,0x00007fc9a9862000)]
  0x00007fc9bc14a000 JavaThread "Reference Handler" daemon [_thread_blocked, id=2904, stack(0x00007fc9a9862000,0x00007fc9a9963000)]

Other Threads:
  0x00007fc9bc140800 VMThread [stack: 0x00007fc9a9964000,0x00007fc9a9a64000] [id=2903]
  0x00007fc9bc194800 WatcherThread [stack: 0x00007fc9a8e7e000,0x00007fc9a8f7e000] [id=2911]

VM state:not at safepoint (normal execution)

VM Mutex/Monitor currently owned by a thread: None

heap address: 0x0000000700000000, size: 3072 MB, Compressed Oops mode: Zero based, Oop shift amount: 3
Narrow klass base: 0x0000000000000000, Narrow klass shift: 3
Compressed class space size: 1073741824 Address: 0x00000007c0000000

Heap:
 PSYoungGen      total 998400K, used 307906K [0x0000000780000000, 0x00000007c0000000, 0x00000007c0000000)
  eden space 949760K, 30% used [0x0000000780000000,0x0000000791980600,0x00000007b9f80000)
  from space 48640K, 40% used [0x00000007b9f80000,0x00000007bb2b04a0,0x00000007bcf00000)
  to   space 48640K, 0% used [0x00000007bd080000,0x00000007bd080000,0x00000007c0000000)
 ParOldGen       total 1460224K, used 1004463K [0x0000000700000000, 0x0000000759200000, 0x0000000780000000)
  object space 1460224K, 68% used [0x0000000700000000,0x000000073d4ebd00,0x0000000759200000)
 Metaspace       used 70598K, capacity 81095K, committed 81328K, reserved 1118208K
  class space    used 9905K, capacity 12095K, committed 12208K, reserved 1048576K

Card table byte_map: [0x00007fc9ac00a000,0x00007fc9ac60b000] byte_map_base: 0x00007fc9a880a000

Marking Bits: (ParMarkBitMap*) 0x00007fc9c25e6680
 Begin Bits: [0x00007fc996000000, 0x00007fc999000000)
 End Bits:   [0x00007fc999000000, 0x00007fc99c000000)

Polling page: 0x00007fc9c3467000

CodeCache: size=245760Kb used=62293Kb max_used=65963Kb free=183466Kb
 bounds [0x00007fc9ac9cb000, 0x00007fc9b0aeb000, 0x00007fc9bb9cb000]
 total_blobs=19527 nmethods=18580 adapters=849
 compilation: enabled

Compilation events (10 events):
Event: 74419.261 Thread 0x00007fc9bc182000 30990       4       aqk::a (66 bytes)
Event: 74419.264 Thread 0x00007fc9bc182000 nmethod 30990 0x00007fc9b0945190 code [0x00007fc9b0945320, 0x00007fc9b0945538]
Event: 74420.177 Thread 0x00007fc9bc187000 30991       3       arw::a (11 bytes)
Event: 74420.177 Thread 0x00007fc9bc187000 nmethod 30991 0x00007fc9b0944c90 code [0x00007fc9b0944e00, 0x00007fc9b0945088]
Event: 74420.178 Thread 0x00007fc9bc187000 30992       3       arw::a (40 bytes)
Event: 74420.180 Thread 0x00007fc9bc187000 nmethod 30992 0x00007fc9b04e4d10 code [0x00007fc9b04e4fe0, 0x00007fc9b04e64b8]
Event: 74420.983 Thread 0x00007fc9bc185000 30993       4       aag::p (33 bytes)
Event: 74420.986 Thread 0x00007fc9bc185000 nmethod 30993 0x00007fc9ad423090 code [0x00007fc9ad423220, 0x00007fc9ad4233f8]
Event: 74439.568 Thread 0x00007fc9bc187000 30994       3       bsg$a::a (29 bytes)
Event: 74439.568 Thread 0x00007fc9bc187000 nmethod 30994 0x00007fc9ae40aad0 code [0x00007fc9ae40ac80, 0x00007fc9ae40b1e8]

GC Heap History (10 events):
Event: 74423.365 GC heap before
{Heap before GC invocations=3250 (full 9):
 PSYoungGen      total 992768K, used 974133K [0x0000000780000000, 0x00000007bfd00000, 0x00000007c0000000)
  eden space 944128K, 100% used [0x0000000780000000,0x00000007b9a00000,0x00000007b9a00000)
  from space 48640K, 61% used [0x00000007bcd80000,0x00000007beacd7d0,0x00000007bfd00000)
  to   space 50688K, 0% used [0x00000007b9a00000,0x00000007b9a00000,0x00000007bcb80000)
 ParOldGen       total 1460224K, used 991824K [0x0000000700000000, 0x0000000759200000, 0x0000000780000000)
  object space 1460224K, 67% used [0x0000000700000000,0x000000073c894210,0x0000000759200000)
 Metaspace       used 70597K, capacity 81095K, committed 81328K, reserved 1118208K
  class space    used 9905K, capacity 12095K, committed 12208K, reserved 1048576K
Event: 74423.384 GC heap after
Heap after GC invocations=3250 (full 9):
 PSYoungGen      total 994816K, used 26977K [0x0000000780000000, 0x00000007c0000000, 0x00000007c0000000)
  eden space 944128K, 0% used [0x0000000780000000,0x0000000780000000,0x00000007b9a00000)
  from space 50688K, 53% used [0x00000007b9a00000,0x00000007bb4585e0,0x00000007bcb80000)
  to   space 50176K, 0% used [0x00000007bcf00000,0x00000007bcf00000,0x00000007c0000000)
 ParOldGen       total 1460224K, used 995173K [0x0000000700000000, 0x0000000759200000, 0x0000000780000000)
  object space 1460224K, 68% used [0x0000000700000000,0x000000073cbd9468,0x0000000759200000)
 Metaspace       used 70597K, capacity 81095K, committed 81328K, reserved 1118208K
  class space    used 9905K, capacity 12095K, committed 12208K, reserved 1048576K
}
Event: 74428.146 GC heap before
{Heap before GC invocations=3251 (full 9):
 PSYoungGen      total 994816K, used 971105K [0x0000000780000000, 0x00000007c0000000, 0x00000007c0000000)
  eden space 944128K, 100% used [0x0000000780000000,0x00000007b9a00000,0x00000007b9a00000)
  from space 50688K, 53% used [0x00000007b9a00000,0x00000007bb4585e0,0x00000007bcb80000)
  to   space 50176K, 0% used [0x00000007bcf00000,0x00000007bcf00000,0x00000007c0000000)
 ParOldGen       total 1460224K, used 995173K [0x0000000700000000, 0x0000000759200000, 0x0000000780000000)
  object space 1460224K, 68% used [0x0000000700000000,0x000000073cbd9468,0x0000000759200000)
 Metaspace       used 70597K, capacity 81095K, committed 81328K, reserved 1118208K
  class space    used 9905K, capacity 12095K, committed 12208K, reserved 1048576K
Event: 74428.171 GC heap after
Heap after GC invocations=3251 (full 9):
 PSYoungGen      total 996352K, used 26578K [0x0000000780000000, 0x00000007bfe80000, 0x00000007c0000000)
  eden space 947712K, 0% used [0x0000000780000000,0x0000000780000000,0x00000007b9d80000)
  from space 48640K, 54% used [0x00000007bcf00000,0x00000007be8f48d8,0x00000007bfe80000)
  to   space 49664K, 0% used [0x00000007b9d80000,0x00000007b9d80000,0x00000007bce00000)
 ParOldGen       total 1460224K, used 996465K [0x0000000700000000, 0x0000000759200000, 0x0000000780000000)
  object space 1460224K, 68% used [0x0000000700000000,0x000000073cd1c580,0x0000000759200000)
 Metaspace       used 70597K, capacity 81095K, committed 81328K, reserved 1118208K
  class space    used 9905K, capacity 12095K, committed 12208K, reserved 1048576K
}
Event: 74432.943 GC heap before
{Heap before GC invocations=3252 (full 9):
 PSYoungGen      total 996352K, used 974290K [0x0000000780000000, 0x00000007bfe80000, 0x00000007c0000000)
  eden space 947712K, 100% used [0x0000000780000000,0x00000007b9d80000,0x00000007b9d80000)
  from space 48640K, 54% used [0x00000007bcf00000,0x00000007be8f48d8,0x00000007bfe80000)
  to   space 49664K, 0% used [0x00000007b9d80000,0x00000007b9d80000,0x00000007bce00000)
 ParOldGen       total 1460224K, used 996465K [0x0000000700000000, 0x0000000759200000, 0x0000000780000000)
  object space 1460224K, 68% used [0x0000000700000000,0x000000073cd1c580,0x0000000759200000)
 Metaspace       used 70597K, capacity 81095K, committed 81328K, reserved 1118208K
  class space    used 9905K, capacity 12095K, committed 12208K, reserved 1048576K
Event: 74432.963 GC heap after
Heap after GC invocations=3252 (full 9):
 PSYoungGen      total 997376K, used 25137K [0x0000000780000000, 0x00000007c0000000, 0x00000007c0000000)
  eden space 947712K, 0% used [0x0000000780000000,0x0000000780000000,0x00000007b9d80000)
  from space 49664K, 50% used [0x00000007b9d80000,0x00000007bb60c580,0x00000007bce00000)
  to   space 49152K, 0% used [0x00000007bd000000,0x00000007bd000000,0x00000007c0000000)
 ParOldGen       total 1460224K, used 998041K [0x0000000700000000, 0x0000000759200000, 0x0000000780000000)
  object space 1460224K, 68% used [0x0000000700000000,0x000000073cea6708,0x0000000759200000)
 Metaspace       used 70597K, capacity 81095K, committed 81328K, reserved 1118208K
  class space    used 9905K, capacity 12095K, committed 12208K, reserved 1048576K
}
Event: 74437.895 GC heap before
{Heap before GC invocations=3253 (full 9):
 PSYoungGen      total 997376K, used 972849K [0x0000000780000000, 0x00000007c0000000, 0x00000007c0000000)
  eden space 947712K, 100% used [0x0000000780000000,0x00000007b9d80000,0x00000007b9d80000)
  from space 49664K, 50% used [0x00000007b9d80000,0x00000007bb60c580,0x00000007bce00000)
  to   space 49152K, 0% used [0x00000007bd000000,0x00000007bd000000,0x00000007c0000000)
 ParOldGen       total 1460224K, used 998041K [0x0000000700000000, 0x0000000759200000, 0x0000000780000000)
  object space 1460224K, 68% used [0x0000000700000000,0x000000073cea6708,0x0000000759200000)
 Metaspace       used 70597K, capacity 81095K, committed 81328K, reserved 1118208K
  class space    used 9905K, capacity 12095K, committed 12208K, reserved 1048576K
Event: 74437.917 GC heap after
Heap after GC invocations=3253 (full 9):
 PSYoungGen      total 997376K, used 25361K [0x0000000780000000, 0x00000007bfe80000, 0x00000007c0000000)
  eden space 949760K, 0% used [0x0000000780000000,0x0000000780000000,0x00000007b9f80000)
  from space 47616K, 53% used [0x00000007bd000000,0x00000007be8c4550,0x00000007bfe80000)
  to   space 48640K, 0% used [0x00000007b9f80000,0x00000007b9f80000,0x00000007bcf00000)
 ParOldGen       total 1460224K, used 998465K [0x0000000700000000, 0x0000000759200000, 0x0000000780000000)
  object space 1460224K, 68% used [0x0000000700000000,0x000000073cf107c8,0x0000000759200000)
 Metaspace       used 70597K, capacity 81095K, committed 81328K, reserved 1118208K
  class space    used 9905K, capacity 12095K, committed 12208K, reserved 1048576K
}
Event: 74442.695 GC heap before
{Heap before GC invocations=3254 (full 9):
 PSYoungGen      total 997376K, used 975121K [0x0000000780000000, 0x00000007bfe80000, 0x00000007c0000000)
  eden space 949760K, 100% used [0x0000000780000000,0x00000007b9f80000,0x00000007b9f80000)
  from space 47616K, 53% used [0x00000007bd000000,0x00000007be8c4550,0x00000007bfe80000)
  to   space 48640K, 0% used [0x00000007b9f80000,0x00000007b9f80000,0x00000007bcf00000)
 ParOldGen       total 1460224K, used 998465K [0x0000000700000000, 0x0000000759200000, 0x0000000780000000)
  object space 1460224K, 68% used [0x0000000700000000,0x000000073cf107c8,0x0000000759200000)
 Metaspace       used 70598K, capacity 81095K, committed 81328K, reserved 1118208K
  class space    used 9905K, capacity 12095K, committed 12208K, reserved 1048576K
Event: 74442.718 GC heap after
Heap after GC invocations=3254 (full 9):
 PSYoungGen      total 998400K, used 19649K [0x0000000780000000, 0x00000007c0000000, 0x00000007c0000000)
  eden space 949760K, 0% used [0x0000000780000000,0x0000000780000000,0x00000007b9f80000)
  from space 48640K, 40% used [0x00000007b9f80000,0x00000007bb2b04a0,0x00000007bcf00000)
  to   space 48640K, 0% used [0x00000007bd080000,0x00000007bd080000,0x00000007c0000000)
 ParOldGen       total 1460224K, used 1004463K [0x0000000700000000, 0x0000000759200000, 0x0000000780000000)
  object space 1460224K, 68% used [0x0000000700000000,0x000000073d4ebd00,0x0000000759200000)
 Metaspace       used 70598K, capacity 81095K, committed 81328K, reserved 1118208K
  class space    used 9905K, capacity 12095K, committed 12208K, reserved 1048576K
}

Deoptimization events (10 events):
Event: 74317.926 Thread 0x00007fc9bccad800 Uncommon trap: reason=class_check action=maybe_recompile pc=0x00007fc9ae9328e4 method=bea.cl()Lapx; @ 24
Event: 74317.926 Thread 0x00007fc9bccad800 Uncommon trap: reason=class_check action=maybe_recompile pc=0x00007fc9af58ddf0 method=aqh.a(Laqk;Laqg;Ldck;)Z @ 35
Event: 74317.977 Thread 0x00007fc9bccad800 Uncommon trap: reason=class_check action=maybe_recompile pc=0x00007fc9af58ddf0 method=aqh.a(Laqk;Laqg;Ldck;)Z @ 35
Event: 74318.026 Thread 0x00007fc9bccad800 Uncommon trap: reason=class_check action=maybe_recompile pc=0x00007fc9afa9c6d8 method=aqh.a(Laqk;Laqg;Ldck;)Z @ 35
Event: 74318.026 Thread 0x00007fc9bccad800 Uncommon trap: reason=class_check action=maybe_recompile pc=0x00007fc9af0a8308 method=bea.cl()Lapx; @ 24
Event: 74329.528 Thread 0x00007fc9bccad800 Uncommon trap: reason=bimorphic action=maybe_recompile pc=0x00007fc9b0a60e4c method=aqk.a(Lcww;)F @ 17
Event: 74329.528 Thread 0x00007fc9bccad800 Uncommon trap: reason=bimorphic action=maybe_recompile pc=0x00007fc9ad02f9cc method=aqk.a(Lcww;)F @ 17
Event: 74329.528 Thread 0x00007fc9bccad800 Uncommon trap: reason=bimorphic action=maybe_recompile pc=0x00007fc9ad02f9cc method=aqk.a(Lcww;)F @ 17
Event: 74329.528 Thread 0x00007fc9bccad800 Uncommon trap: reason=bimorphic action=maybe_recompile pc=0x00007fc9ad02f9cc method=aqk.a(Lcww;)F @ 17
Event: 74349.508 Thread 0x00007fc9bccad800 Uncommon trap: reason=bimorphic action=maybe_recompile pc=0x00007fc9b0a60e4c method=aqk.a(Lcww;)F @ 17

Classes redefined (0 events):
No events

Internal exceptions (10 events):
Event: 74353.580 Thread 0x00007fc9484c1800 Exception <a 'sun/nio/fs/UnixException'> (0x000000078cc6ab88) thrown at [/build/openjdk-8-ElpxQ7/openjdk-8-8u275-b01/src/hotspot/src/share/vm/prims/jni.cpp, line 711]
Event: 74353.583 Thread 0x00007fc938008000 Exception <a 'sun/nio/fs/UnixException'> (0x000000078cc56708) thrown at [/build/openjdk-8-ElpxQ7/openjdk-8-8u275-b01/src/hotspot/src/share/vm/prims/jni.cpp, line 711]
Event: 74353.586 Thread 0x00007fc9484c1800 Exception <a 'sun/nio/fs/UnixException'> (0x000000078cc8b4d8) thrown at [/build/openjdk-8-ElpxQ7/openjdk-8-8u275-b01/src/hotspot/src/share/vm/prims/jni.cpp, line 711]
Event: 74353.589 Thread 0x00007fc938008000 Exception <a 'sun/nio/fs/UnixException'> (0x000000078cc57588) thrown at [/build/openjdk-8-ElpxQ7/openjdk-8-8u275-b01/src/hotspot/src/share/vm/prims/jni.cpp, line 711]
Event: 74353.593 Thread 0x00007fc9484c1800 Exception <a 'sun/nio/fs/UnixException'> (0x000000078cc904e0) thrown at [/build/openjdk-8-ElpxQ7/openjdk-8-8u275-b01/src/hotspot/src/share/vm/prims/jni.cpp, line 711]
Event: 74353.596 Thread 0x00007fc938008000 Exception <a 'sun/nio/fs/UnixException'> (0x000000078dd19bb0) thrown at [/build/openjdk-8-ElpxQ7/openjdk-8-8u275-b01/src/hotspot/src/share/vm/prims/jni.cpp, line 711]
Event: 74353.600 Thread 0x00007fc9484c1800 Exception <a 'sun/nio/fs/UnixException'> (0x000000078cc953c8) thrown at [/build/openjdk-8-ElpxQ7/openjdk-8-8u275-b01/src/hotspot/src/share/vm/prims/jni.cpp, line 711]
Event: 74353.603 Thread 0x00007fc938008000 Exception <a 'sun/nio/fs/UnixException'> (0x000000078dd1eaf8) thrown at [/build/openjdk-8-ElpxQ7/openjdk-8-8u275-b01/src/hotspot/src/share/vm/prims/jni.cpp, line 711]
Event: 74369.832 Thread 0x00007fc938008000 Exception <a 'sun/nio/fs/UnixException'> (0x00000007ae480cb8) thrown at [/build/openjdk-8-ElpxQ7/openjdk-8-8u275-b01/src/hotspot/src/share/vm/prims/jni.cpp, line 711]
Event: 74370.939 Thread 0x00007fc98c00a000 Exception <a 'sun/nio/fs/UnixException'> (0x0000000785762508) thrown at [/build/openjdk-8-ElpxQ7/openjdk-8-8u275-b01/src/hotspot/src/share/vm/prims/jni.cpp, line 711]

Events (10 events):
Event: 74430.859 Thread 0x00007fc938008000 Thread exited: 0x00007fc938008000
Event: 74432.943 Executing VM operation: ParallelGCFailedAllocation
Event: 74432.963 Executing VM operation: ParallelGCFailedAllocation done
Event: 74437.633 Thread 0x00007fc9484c2800 Thread exited: 0x00007fc9484c2800
Event: 74437.895 Executing VM operation: ParallelGCFailedAllocation
Event: 74437.917 Executing VM operation: ParallelGCFailedAllocation done
Event: 74438.992 Thread 0x00007fc96c027800 Thread added: 0x00007fc96c027800
Event: 74439.569 Thread 0x00007fc9bc187000 flushing nmethod 0x00007fc9ada3ecd0
Event: 74442.695 Executing VM operation: ParallelGCFailedAllocation
Event: 74442.718 Executing VM operation: ParallelGCFailedAllocation done


Dynamic libraries:
700000000-759200000 rw-p 00000000 00:00 0 
759200000-780000000 ---p 00000000 00:00 0 
780000000-7c0000000 rw-p 00000000 00:00 0 
7c0000000-7c0bec000 rw-p 00000000 00:00 0 
7c0bec000-800000000 ---p 00000000 00:00 0 
563673527000-563673528000 r-xp 00000000 08:01 4588417                    /usr/lib/jvm/java-8-openjdk-amd64/jre/bin/java
563673727000-563673728000 r--p 00000000 08:01 4588417                    /usr/lib/jvm/java-8-openjdk-amd64/jre/bin/java
563673728000-563673729000 rw-p 00001000 08:01 4588417                    /usr/lib/jvm/java-8-openjdk-amd64/jre/bin/java
5636740f6000-563674184000 rw-p 00000000 00:00 0                          [heap]
7fc91bcf2000-7fc91bcf5000 ---p 00000000 00:00 0 
7fc91bcf5000-7fc91bdf3000 rw-p 00000000 00:00 0 
7fc91bdf3000-7fc91bdf6000 ---p 00000000 00:00 0 
7fc91bdf6000-7fc91c074000 rw-p 00000000 00:00 0 
7fc91c074000-7fc91c0f4000 ---p 00000000 00:00 0 
7fc91c0f4000-7fc91c2f4000 rw-p 00000000 00:00 0 
7fc91c2f4000-7fc91c4f4000 rw-p 00000000 00:00 0 
7fc91c4f4000-7fc91c4f7000 ---p 00000000 00:00 0 
7fc91c4f7000-7fc91c5f5000 rw-p 00000000 00:00 0 
7fc91c5f5000-7fc91c5f8000 ---p 00000000 00:00 0 
7fc91c5f8000-7fc91c8f6000 rw-p 00000000 00:00 0 
7fc91c8f6000-7fc91e8f8000 rw-p 00000000 00:00 0 
7fc91e8f8000-7fc91e8fb000 ---p 00000000 00:00 0 
7fc91e8fb000-7fc9209fb000 rw-p 00000000 00:00 0 
7fc9209fb000-7fc9209fe000 ---p 00000000 00:00 0 
7fc9209fe000-7fc923cff000 rw-p 00000000 00:00 0 
7fc923cff000-7fc923d02000 ---p 00000000 00:00 0 
7fc923d02000-7fc924000000 rw-p 00000000 00:00 0 
7fc924000000-7fc924158000 rw-p 00000000 00:00 0 
7fc924158000-7fc928000000 ---p 00000000 00:00 0 
7fc928000000-7fc9280d8000 rw-p 00000000 00:00 0 
7fc9280d8000-7fc92c000000 ---p 00000000 00:00 0 
7fc92c000000-7fc92e120000 rw-p 00000000 00:00 0 
7fc92e120000-7fc930000000 ---p 00000000 00:00 0 
7fc930000000-7fc930084000 rw-p 00000000 00:00 0 
7fc930084000-7fc934000000 ---p 00000000 00:00 0 
7fc934000000-7fc934085000 rw-p 00000000 00:00 0 
7fc934085000-7fc938000000 ---p 00000000 00:00 0 
7fc938000000-7fc938071000 rw-p 00000000 00:00 0 
7fc938071000-7fc93c000000 ---p 00000000 00:00 0 
7fc93c000000-7fc93c056000 rw-p 00000000 00:00 0 
7fc93c056000-7fc940000000 ---p 00000000 00:00 0 
7fc940000000-7fc9401b3000 rw-p 00000000 00:00 0 
7fc9401b3000-7fc944000000 ---p 00000000 00:00 0 
7fc944000000-7fc944021000 rw-p 00000000 00:00 0 
7fc944021000-7fc948000000 ---p 00000000 00:00 0 
7fc948000000-7fc94853b000 rw-p 00000000 00:00 0 
7fc94853b000-7fc94c000000 ---p 00000000 00:00 0 
7fc94c000000-7fc94c1a6000 rw-p 00000000 00:00 0 
7fc94c1a6000-7fc950000000 ---p 00000000 00:00 0 
7fc950000000-7fc9513e5000 rw-p 00000000 00:00 0 
7fc9513e5000-7fc954000000 ---p 00000000 00:00 0 
7fc954000000-7fc9540ae000 rw-p 00000000 00:00 0 
7fc9540ae000-7fc958000000 ---p 00000000 00:00 0 
7fc958000000-7fc95804b000 rw-p 00000000 00:00 0 
7fc95804b000-7fc95c000000 ---p 00000000 00:00 0 
7fc95c0bb000-7fc95c2bb000 rw-p 00000000 00:00 0 
7fc95c2bb000-7fc95c2d2000 r-xp 00000000 08:01 4982287                    /lib/x86_64-linux-gnu/libresolv-2.27.so
7fc95c2d2000-7fc95c4d2000 ---p 00017000 08:01 4982287                    /lib/x86_64-linux-gnu/libresolv-2.27.so
7fc95c4d2000-7fc95c4d3000 r--p 00017000 08:01 4982287                    /lib/x86_64-linux-gnu/libresolv-2.27.so
7fc95c4d3000-7fc95c4d4000 rw-p 00018000 08:01 4982287                    /lib/x86_64-linux-gnu/libresolv-2.27.so
7fc95c4d4000-7fc95c4d6000 rw-p 00000000 00:00 0 
7fc95c4d6000-7fc95c4db000 r-xp 00000000 08:01 4982278                    /lib/x86_64-linux-gnu/libnss_dns-2.27.so
7fc95c4db000-7fc95c6db000 ---p 00005000 08:01 4982278                    /lib/x86_64-linux-gnu/libnss_dns-2.27.so
7fc95c6db000-7fc95c6dc000 r--p 00005000 08:01 4982278                    /lib/x86_64-linux-gnu/libnss_dns-2.27.so
7fc95c6dc000-7fc95c6dd000 rw-p 00006000 08:01 4982278                    /lib/x86_64-linux-gnu/libnss_dns-2.27.so
7fc95c6dd000-7fc95c6df000 r-xp 00000000 08:01 4985657                    /lib/x86_64-linux-gnu/libnss_mdns4_minimal.so.2
7fc95c6df000-7fc95c8de000 ---p 00002000 08:01 4985657                    /lib/x86_64-linux-gnu/libnss_mdns4_minimal.so.2
7fc95c8de000-7fc95c8df000 r--p 00001000 08:01 4985657                    /lib/x86_64-linux-gnu/libnss_mdns4_minimal.so.2
7fc95c8df000-7fc95c8e0000 rw-p 00002000 08:01 4985657                    /lib/x86_64-linux-gnu/libnss_mdns4_minimal.so.2
7fc95c8e0000-7fc95cae0000 rw-p 00000000 00:00 0 
7fc95cae0000-7fc95cae3000 ---p 00000000 00:00 0 
7fc95cae3000-7fc95cbe1000 rw-p 00000000 00:00 0 
7fc95cbe1000-7fc95cc09000 r-xp 00000000 08:01 4596722                    /usr/lib/jvm/java-8-openjdk-amd64/jre/lib/amd64/libsunec.so
7fc95cc09000-7fc95ce08000 ---p 00028000 08:01 4596722                    /usr/lib/jvm/java-8-openjdk-amd64/jre/lib/amd64/libsunec.so
7fc95ce08000-7fc95ce0c000 r--p 00027000 08:01 4596722                    /usr/lib/jvm/java-8-openjdk-amd64/jre/lib/amd64/libsunec.so
7fc95ce0c000-7fc95ce0d000 rw-p 0002b000 08:01 4596722                    /usr/lib/jvm/java-8-openjdk-amd64/jre/lib/amd64/libsunec.so
7fc95ce0d000-7fc95e00e000 rw-p 00000000 00:00 0 
7fc95e00e000-7fc95e011000 ---p 00000000 00:00 0 
7fc95e011000-7fc95e30f000 rw-p 00000000 00:00 0 
7fc95e30f000-7fc95e316000 r-xp 00000000 08:01 4593438                    /usr/lib/jvm/java-8-openjdk-amd64/jre/lib/amd64/libawt_headless.so
7fc95e316000-7fc95e515000 ---p 00007000 08:01 4593438                    /usr/lib/jvm/java-8-openjdk-amd64/jre/lib/amd64/libawt_headless.so
7fc95e515000-7fc95e516000 r--p 00006000 08:01 4593438                    /usr/lib/jvm/java-8-openjdk-amd64/jre/lib/amd64/libawt_headless.so
7fc95e516000-7fc95e517000 rw-p 00007000 08:01 4593438                    /usr/lib/jvm/java-8-openjdk-amd64/jre/lib/amd64/libawt_headless.so
7fc95e517000-7fc95e5b6000 r-xp 00000000 08:01 4593435                    /usr/lib/jvm/java-8-openjdk-amd64/jre/lib/amd64/libawt.so
7fc95e5b6000-7fc95e7b5000 ---p 0009f000 08:01 4593435                    /usr/lib/jvm/java-8-openjdk-amd64/jre/lib/amd64/libawt.so
7fc95e7b5000-7fc95e7b6000 r--p 0009e000 08:01 4593435                    /usr/lib/jvm/java-8-openjdk-amd64/jre/lib/amd64/libawt.so
7fc95e7b6000-7fc95e7c1000 rw-p 0009f000 08:01 4593435                    /usr/lib/jvm/java-8-openjdk-amd64/jre/lib/amd64/libawt.so
7fc95e7c1000-7fc95e7e6000 rw-p 00000000 00:00 0 
7fc95e7e6000-7fc95e7e9000 ---p 00000000 00:00 0 
7fc95e7e9000-7fc95e8e7000 rw-p 00000000 00:00 0 
7fc95e8e7000-7fc95e8ea000 ---p 00000000 00:00 0 
7fc95e8ea000-7fc95ebe8000 rw-p 00000000 00:00 0 
7fc95ebe8000-7fc95ebeb000 ---p 00000000 00:00 0 
7fc95ebeb000-7fc95ece9000 rw-p 00000000 00:00 0 
7fc95ece9000-7fc95ecec000 ---p 00000000 00:00 0 
7fc95ecec000-7fc95edea000 rw-p 00000000 00:00 0 
7fc95edea000-7fc95eded000 ---p 00000000 00:00 0 
7fc95eded000-7fc95eeeb000 rw-p 00000000 00:00 0 
7fc95eeeb000-7fc95eeee000 ---p 00000000 00:00 0 
7fc95eeee000-7fc95f1ec000 rw-p 00000000 00:00 0 
7fc95f1ec000-7fc95f1ef000 ---p 00000000 00:00 0 
7fc95f1ef000-7fc95f2ed000 rw-p 00000000 00:00 0 
7fc95f2ed000-7fc95f2fa000 r-xp 00000000 08:01 2097195                    /tmp/libnetty_transport_native_epoll_x86_644394148184610051209.so (deleted)
7fc95f2fa000-7fc95f4f9000 ---p 0000d000 08:01 2097195                    /tmp/libnetty_transport_native_epoll_x86_644394148184610051209.so (deleted)
7fc95f4f9000-7fc95f4fb000 rw-p 0000c000 08:01 2097195                    /tmp/libnetty_transport_native_epoll_x86_644394148184610051209.so (deleted)
7fc95f4fb000-7fc95f6fb000 rw-p 00000000 00:00 0 
7fc95f6fb000-7fc95f6fe000 ---p 00000000 00:00 0 
7fc95f6fe000-7fc95f7fc000 rw-p 00000000 00:00 0 
7fc95f7fc000-7fc95f7ff000 ---p 00000000 00:00 0 
7fc95f7ff000-7fc95f8fd000 rw-p 00000000 00:00 0 
7fc95f8fd000-7fc95f900000 ---p 00000000 00:00 0 
7fc95f900000-7fc95fbfe000 rw-p 00000000 00:00 0 
7fc95fbfe000-7fc95fc01000 ---p 00000000 00:00 0 
7fc95fc01000-7fc95fcff000 rw-p 00000000 00:00 0 
7fc95fcff000-7fc95fd02000 ---p 00000000 00:00 0 
7fc95fd02000-7fc960000000 rw-p 00000000 00:00 0 
7fc960000000-7fc9601e9000 rw-p 00000000 00:00 0 
7fc9601e9000-7fc964000000 ---p 00000000 00:00 0 
7fc964000000-7fc96415a000 rw-p 00000000 00:00 0 
7fc96415a000-7fc968000000 ---p 00000000 00:00 0 
7fc968000000-7fc96805d000 rw-p 00000000 00:00 0 
7fc96805d000-7fc96c000000 ---p 00000000 00:00 0 
7fc96c000000-7fc96c0cb000 rw-p 00000000 00:00 0 
7fc96c0cb000-7fc970000000 ---p 00000000 00:00 0 
7fc970000000-7fc970ed0000 rw-p 00000000 00:00 0 
7fc970ed0000-7fc974000000 ---p 00000000 00:00 0 
7fc974000000-7fc97404a000 rw-p 00000000 00:00 0 
7fc97404a000-7fc978000000 ---p 00000000 00:00 0 
7fc978000000-7fc97a9ff000 rw-p 00000000 00:00 0 
7fc97a9ff000-7fc97c000000 ---p 00000000 00:00 0 
7fc97c000000-7fc97df60000 rw-p 00000000 00:00 0 
7fc97df60000-7fc980000000 ---p 00000000 00:00 0 
7fc980000000-7fc98004f000 rw-p 00000000 00:00 0 
7fc98004f000-7fc984000000 ---p 00000000 00:00 0 
7fc984000000-7fc98404e000 rw-p 00000000 00:00 0 
7fc98404e000-7fc988000000 ---p 00000000 00:00 0 
7fc988000000-7fc988252000 rw-p 00000000 00:00 0 
7fc988252000-7fc98c000000 ---p 00000000 00:00 0 
7fc98c000000-7fc98c059000 rw-p 00000000 00:00 0 
7fc98c059000-7fc990000000 ---p 00000000 00:00 0 
7fc990000000-7fc990062000 rw-p 00000000 00:00 0 
7fc990062000-7fc994000000 ---p 00000000 00:00 0 
7fc9940fe000-7fc994101000 ---p 00000000 00:00 0 
7fc994101000-7fc9943ff000 rw-p 00000000 00:00 0 
7fc9943ff000-7fc9945ff000 rw-p 00000000 00:00 0 
7fc9945ff000-7fc994602000 ---p 00000000 00:00 0 
7fc994602000-7fc994900000 rw-p 00000000 00:00 0 
7fc994900000-7fc994b00000 rw-p 00000000 00:00 0 
7fc994b00000-7fc994d00000 rw-p 00000000 00:00 0 
7fc994d00000-7fc994d03000 ---p 00000000 00:00 0 
7fc994d03000-7fc994e01000 rw-p 00000000 00:00 0 
7fc994e01000-7fc994e04000 ---p 00000000 00:00 0 
7fc994e04000-7fc994f02000 rw-p 00000000 00:00 0 
7fc995000000-7fc995200000 rw-p 00000000 00:00 0 
7fc995200000-7fc995400000 rw-p 00000000 00:00 0 
7fc995400000-7fc995600000 rw-p 00000000 00:00 0 
7fc995600000-7fc995800000 rw-p 00000000 00:00 0 
7fc995800000-7fc995a00000 rw-p 00000000 00:00 0 
7fc995a00000-7fc995c00000 rw-p 00000000 00:00 0 
7fc995c00000-7fc995e00000 rw-p 00000000 00:00 0 
7fc995e00000-7fc99c000000 rw-p 00000000 00:00 0 
7fc99c000000-7fc99c06c000 rw-p 00000000 00:00 0 
7fc99c06c000-7fc9a0000000 ---p 00000000 00:00 0 
7fc9a0000000-7fc9a0069000 rw-p 00000000 00:00 0 
7fc9a0069000-7fc9a4000000 ---p 00000000 00:00 0 
7fc9a4000000-7fc9a4076000 rw-p 00000000 00:00 0 
7fc9a4076000-7fc9a8000000 ---p 00000000 00:00 0 
7fc9a80a6000-7fc9a80b9000 r--s 0034b000 08:01 4600118                    /usr/lib/jvm/java-8-openjdk-amd64/jre/lib/resources.jar
7fc9a80b9000-7fc9a82b9000 rw-p 00000000 00:00 0 
7fc9a82b9000-7fc9a82bc000 ---p 00000000 00:00 0 
7fc9a82bc000-7fc9a85ba000 rw-p 00000000 00:00 0 
7fc9a85ba000-7fc9a85c3000 r-xp 00000000 08:01 4596688                    /usr/lib/jvm/java-8-openjdk-amd64/jre/lib/amd64/libmanagement.so
7fc9a85c3000-7fc9a87c2000 ---p 00009000 08:01 4596688                    /usr/lib/jvm/java-8-openjdk-amd64/jre/lib/amd64/libmanagement.so
7fc9a87c2000-7fc9a87c3000 r--p 00008000 08:01 4596688                    /usr/lib/jvm/java-8-openjdk-amd64/jre/lib/amd64/libmanagement.so
7fc9a87c3000-7fc9a87c4000 rw-p 00009000 08:01 4596688                    /usr/lib/jvm/java-8-openjdk-amd64/jre/lib/amd64/libmanagement.so
7fc9a87c4000-7fc9a87dc000 r-xp 00000000 08:01 4596692                    /usr/lib/jvm/java-8-openjdk-amd64/jre/lib/amd64/libnet.so
7fc9a87dc000-7fc9a89db000 ---p 00018000 08:01 4596692                    /usr/lib/jvm/java-8-openjdk-amd64/jre/lib/amd64/libnet.so
7fc9a89db000-7fc9a89dc000 r--p 00017000 08:01 4596692                    /usr/lib/jvm/java-8-openjdk-amd64/jre/lib/amd64/libnet.so
7fc9a89dc000-7fc9a89dd000 rw-p 00018000 08:01 4596692                    /usr/lib/jvm/java-8-openjdk-amd64/jre/lib/amd64/libnet.so
7fc9a89dd000-7fc9a89ef000 r-xp 00000000 08:01 4596693                    /usr/lib/jvm/java-8-openjdk-amd64/jre/lib/amd64/libnio.so
7fc9a89ef000-7fc9a8bee000 ---p 00012000 08:01 4596693                    /usr/lib/jvm/java-8-openjdk-amd64/jre/lib/amd64/libnio.so
7fc9a8bee000-7fc9a8bef000 r--p 00011000 08:01 4596693                    /usr/lib/jvm/java-8-openjdk-amd64/jre/lib/amd64/libnio.so
7fc9a8bef000-7fc9a8bf0000 rw-p 00012000 08:01 4596693                    /usr/lib/jvm/java-8-openjdk-amd64/jre/lib/amd64/libnio.so
7fc9a8bf0000-7fc9a8e62000 r--s 021be000 08:01 2105627                    /opt/minecraft/snapshot/minecraft_server.jar
7fc9a8e62000-7fc9a8e7d000 r--s 001d6000 08:01 4597259                    /usr/lib/jvm/java-8-openjdk-amd64/jre/lib/ext/nashorn.jar
7fc9a8e7d000-7fc9a8e7e000 ---p 00000000 00:00 0 
7fc9a8e7e000-7fc9a8f7e000 rw-p 00000000 00:00 0 
7fc9a8f7e000-7fc9a8f81000 ---p 00000000 00:00 0 
7fc9a8f81000-7fc9a907f000 rw-p 00000000 00:00 0 
7fc9a907f000-7fc9a9080000 ---p 00000000 00:00 0 
7fc9a9080000-7fc9a9083000 ---p 00000000 00:00 0 
7fc9a9083000-7fc9a9180000 rw-p 00000000 00:00 0 
7fc9a9180000-7fc9a9181000 ---p 00000000 00:00 0 
7fc9a9181000-7fc9a9184000 ---p 00000000 00:00 0 
7fc9a9184000-7fc9a9281000 rw-p 00000000 00:00 0 
7fc9a9281000-7fc9a9282000 ---p 00000000 00:00 0 
7fc9a9282000-7fc9a9285000 ---p 00000000 00:00 0 
7fc9a9285000-7fc9a9382000 rw-p 00000000 00:00 0 
7fc9a9382000-7fc9a9385000 ---p 00000000 00:00 0 
7fc9a9385000-7fc9a9483000 rw-p 00000000 00:00 0 
7fc9a9483000-7fc9a9761000 r--p 00000000 08:01 4590581                    /usr/lib/locale/locale-archive
7fc9a9761000-7fc9a9764000 ---p 00000000 00:00 0 
7fc9a9764000-7fc9a9862000 rw-p 00000000 00:00 0 
7fc9a9862000-7fc9a9865000 ---p 00000000 00:00 0 
7fc9a9865000-7fc9a9963000 rw-p 00000000 00:00 0 
7fc9a9963000-7fc9a9964000 ---p 00000000 00:00 0 
7fc9a9964000-7fc9aa9c1000 rw-p 00000000 00:00 0 
7fc9aa9c1000-7fc9aab92000 r--s 03c94000 08:01 4600119                    /usr/lib/jvm/java-8-openjdk-amd64/jre/lib/rt.jar
7fc9aab92000-7fc9aba08000 rw-p 00000000 00:00 0 
7fc9aba08000-7fc9aba09000 ---p 00000000 00:00 0 
7fc9aba09000-7fc9abb09000 rw-p 00000000 00:00 0 
7fc9abb09000-7fc9abb0a000 ---p 00000000 00:00 0 
7fc9abb0a000-7fc9abed3000 rw-p 00000000 00:00 0 
7fc9abed3000-7fc9ac00a000 ---p 00000000 00:00 0 
7fc9ac00a000-7fc9ac2d3000 rw-p 00000000 00:00 0 
7fc9ac2d3000-7fc9ac40a000 ---p 00000000 00:00 0 
7fc9ac40a000-7fc9ac60a000 rw-p 00000000 00:00 0 
7fc9ac60a000-7fc9ac710000 rw-p 00000000 00:00 0 
7fc9ac710000-7fc9ac9cb000 ---p 00000000 00:00 0 
7fc9ac9cb000-7fc9b0aeb000 rwxp 00000000 00:00 0 
7fc9b0aeb000-7fc9bb9cb000 ---p 00000000 00:00 0 
7fc9bb9cb000-7fc9bb9d3000 r-xp 00000000 08:01 4596728                    /usr/lib/jvm/java-8-openjdk-amd64/jre/lib/amd64/libzip.so
7fc9bb9d3000-7fc9bbbd2000 ---p 00008000 08:01 4596728                    /usr/lib/jvm/java-8-openjdk-amd64/jre/lib/amd64/libzip.so
7fc9bbbd2000-7fc9bbbd3000 r--p 00007000 08:01 4596728                    /usr/lib/jvm/java-8-openjdk-amd64/jre/lib/amd64/libzip.so
7fc9bbbd3000-7fc9bbbd4000 rw-p 00008000 08:01 4596728                    /usr/lib/jvm/java-8-openjdk-amd64/jre/lib/amd64/libzip.so
7fc9bbbd4000-7fc9bbbdf000 r-xp 00000000 08:01 4982279                    /lib/x86_64-linux-gnu/libnss_files-2.27.so
7fc9bbbdf000-7fc9bbdde000 ---p 0000b000 08:01 4982279                    /lib/x86_64-linux-gnu/libnss_files-2.27.so
7fc9bbdde000-7fc9bbddf000 r--p 0000a000 08:01 4982279                    /lib/x86_64-linux-gnu/libnss_files-2.27.so
7fc9bbddf000-7fc9bbde0000 rw-p 0000b000 08:01 4982279                    /lib/x86_64-linux-gnu/libnss_files-2.27.so
7fc9bbde0000-7fc9bbde6000 rw-p 00000000 00:00 0 
7fc9bbde6000-7fc9bbdfd000 r-xp 00000000 08:01 4982274                    /lib/x86_64-linux-gnu/libnsl-2.27.so
7fc9bbdfd000-7fc9bbffc000 ---p 00017000 08:01 4982274                    /lib/x86_64-linux-gnu/libnsl-2.27.so
7fc9bbffc000-7fc9bbffd000 r--p 00016000 08:01 4982274                    /lib/x86_64-linux-gnu/libnsl-2.27.so
7fc9bbffd000-7fc9bbffe000 rw-p 00017000 08:01 4982274                    /lib/x86_64-linux-gnu/libnsl-2.27.so
7fc9bbffe000-7fc9bc000000 rw-p 00000000 00:00 0 
7fc9bc000000-7fc9bd3da000 rw-p 00000000 00:00 0 
7fc9bd3da000-7fc9c0000000 ---p 00000000 00:00 0 
7fc9c0001000-7fc9c0006000 r--s 002f9000 08:01 4596740                    /usr/lib/jvm/java-8-openjdk-amd64/jre/lib/charsets.jar
7fc9c0006000-7fc9c0007000 ---p 00000000 00:00 0 
7fc9c0007000-7fc9c0107000 rw-p 00000000 00:00 0 
7fc9c0107000-7fc9c0108000 ---p 00000000 00:00 0 
7fc9c0108000-7fc9c0208000 rw-p 00000000 00:00 0 
7fc9c0208000-7fc9c0213000 r-xp 00000000 08:01 4982282                    /lib/x86_64-linux-gnu/libnss_nis-2.27.so
7fc9c0213000-7fc9c0412000 ---p 0000b000 08:01 4982282                    /lib/x86_64-linux-gnu/libnss_nis-2.27.so
7fc9c0412000-7fc9c0413000 r--p 0000a000 08:01 4982282                    /lib/x86_64-linux-gnu/libnss_nis-2.27.so
7fc9c0413000-7fc9c0414000 rw-p 0000b000 08:01 4982282                    /lib/x86_64-linux-gnu/libnss_nis-2.27.so
7fc9c0414000-7fc9c041c000 r-xp 00000000 08:01 4982276                    /lib/x86_64-linux-gnu/libnss_compat-2.27.so
7fc9c041c000-7fc9c061c000 ---p 00008000 08:01 4982276                    /lib/x86_64-linux-gnu/libnss_compat-2.27.so
7fc9c061c000-7fc9c061d000 r--p 00008000 08:01 4982276                    /lib/x86_64-linux-gnu/libnss_compat-2.27.so
7fc9c061d000-7fc9c061e000 rw-p 00009000 08:01 4982276                    /lib/x86_64-linux-gnu/libnss_compat-2.27.so
7fc9c061e000-7fc9c0648000 r-xp 00000000 08:01 4596633                    /usr/lib/jvm/java-8-openjdk-amd64/jre/lib/amd64/libjava.so
7fc9c0648000-7fc9c0848000 ---p 0002a000 08:01 4596633                    /usr/lib/jvm/java-8-openjdk-amd64/jre/lib/amd64/libjava.so
7fc9c0848000-7fc9c0849000 r--p 0002a000 08:01 4596633                    /usr/lib/jvm/java-8-openjdk-amd64/jre/lib/amd64/libjava.so
7fc9c0849000-7fc9c084b000 rw-p 0002b000 08:01 4596633                    /usr/lib/jvm/java-8-openjdk-amd64/jre/lib/amd64/libjava.so
7fc9c084b000-7fc9c085b000 r-xp 00000000 08:01 4596727                    /usr/lib/jvm/java-8-openjdk-amd64/jre/lib/amd64/libverify.so
7fc9c085b000-7fc9c0a5a000 ---p 00010000 08:01 4596727                    /usr/lib/jvm/java-8-openjdk-amd64/jre/lib/amd64/libverify.so
7fc9c0a5a000-7fc9c0a5c000 r--p 0000f000 08:01 4596727                    /usr/lib/jvm/java-8-openjdk-amd64/jre/lib/amd64/libverify.so
7fc9c0a5c000-7fc9c0a5d000 rw-p 00011000 08:01 4596727                    /usr/lib/jvm/java-8-openjdk-amd64/jre/lib/amd64/libverify.so
7fc9c0a5d000-7fc9c0a64000 r-xp 00000000 08:01 4982288                    /lib/x86_64-linux-gnu/librt-2.27.so
7fc9c0a64000-7fc9c0c63000 ---p 00007000 08:01 4982288                    /lib/x86_64-linux-gnu/librt-2.27.so
7fc9c0c63000-7fc9c0c64000 r--p 00006000 08:01 4982288                    /lib/x86_64-linux-gnu/librt-2.27.so
7fc9c0c64000-7fc9c0c65000 rw-p 00007000 08:01 4982288                    /lib/x86_64-linux-gnu/librt-2.27.so
7fc9c0c65000-7fc9c0c7c000 r-xp 00000000 08:01 4980933                    /lib/x86_64-linux-gnu/libgcc_s.so.1
7fc9c0c7c000-7fc9c0e7b000 ---p 00017000 08:01 4980933                    /lib/x86_64-linux-gnu/libgcc_s.so.1
7fc9c0e7b000-7fc9c0e7c000 r--p 00016000 08:01 4980933                    /lib/x86_64-linux-gnu/libgcc_s.so.1
7fc9c0e7c000-7fc9c0e7d000 rw-p 00017000 08:01 4980933                    /lib/x86_64-linux-gnu/libgcc_s.so.1
7fc9c0e7d000-7fc9c101a000 r-xp 00000000 08:01 4982270                    /lib/x86_64-linux-gnu/libm-2.27.so
7fc9c101a000-7fc9c1219000 ---p 0019d000 08:01 4982270                    /lib/x86_64-linux-gnu/libm-2.27.so
7fc9c1219000-7fc9c121a000 r--p 0019c000 08:01 4982270                    /lib/x86_64-linux-gnu/libm-2.27.so
7fc9c121a000-7fc9c121b000 rw-p 0019d000 08:01 4982270                    /lib/x86_64-linux-gnu/libm-2.27.so
7fc9c121b000-7fc9c1394000 r-xp 00000000 08:01 4587972                    /usr/lib/x86_64-linux-gnu/libstdc++.so.6.0.25
7fc9c1394000-7fc9c1594000 ---p 00179000 08:01 4587972                    /usr/lib/x86_64-linux-gnu/libstdc++.so.6.0.25
7fc9c1594000-7fc9c159e000 r--p 00179000 08:01 4587972                    /usr/lib/x86_64-linux-gnu/libstdc++.so.6.0.25
7fc9c159e000-7fc9c15a0000 rw-p 00183000 08:01 4587972                    /usr/lib/x86_64-linux-gnu/libstdc++.so.6.0.25
7fc9c15a0000-7fc9c15a4000 rw-p 00000000 00:00 0 
7fc9c15a4000-7fc9c2312000 r-xp 00000000 08:01 4596737                    /usr/lib/jvm/java-8-openjdk-amd64/jre/lib/amd64/server/libjvm.so
7fc9c2312000-7fc9c2511000 ---p 00d6e000 08:01 4596737                    /usr/lib/jvm/java-8-openjdk-amd64/jre/lib/amd64/server/libjvm.so
7fc9c2511000-7fc9c25a7000 r--p 00d6d000 08:01 4596737                    /usr/lib/jvm/java-8-openjdk-amd64/jre/lib/amd64/server/libjvm.so
7fc9c25a7000-7fc9c25d0000 rw-p 00e03000 08:01 4596737                    /usr/lib/jvm/java-8-openjdk-amd64/jre/lib/amd64/server/libjvm.so
7fc9c25d0000-7fc9c2603000 rw-p 00000000 00:00 0 
7fc9c2603000-7fc9c261d000 r-xp 00000000 08:01 4982286                    /lib/x86_64-linux-gnu/libpthread-2.27.so
7fc9c261d000-7fc9c281c000 ---p 0001a000 08:01 4982286                    /lib/x86_64-linux-gnu/libpthread-2.27.so
7fc9c281c000-7fc9c281d000 r--p 00019000 08:01 4982286                    /lib/x86_64-linux-gnu/libpthread-2.27.so
7fc9c281d000-7fc9c281e000 rw-p 0001a000 08:01 4982286                    /lib/x86_64-linux-gnu/libpthread-2.27.so
7fc9c281e000-7fc9c2822000 rw-p 00000000 00:00 0 
7fc9c2822000-7fc9c2825000 r-xp 00000000 08:01 4982268                    /lib/x86_64-linux-gnu/libdl-2.27.so
7fc9c2825000-7fc9c2a24000 ---p 00003000 08:01 4982268                    /lib/x86_64-linux-gnu/libdl-2.27.so
7fc9c2a24000-7fc9c2a25000 r--p 00002000 08:01 4982268                    /lib/x86_64-linux-gnu/libdl-2.27.so
7fc9c2a25000-7fc9c2a26000 rw-p 00003000 08:01 4982268                    /lib/x86_64-linux-gnu/libdl-2.27.so
7fc9c2a26000-7fc9c2a42000 r-xp 00000000 08:01 4985733                    /lib/x86_64-linux-gnu/libz.so.1.2.11
7fc9c2a42000-7fc9c2c41000 ---p 0001c000 08:01 4985733                    /lib/x86_64-linux-gnu/libz.so.1.2.11
7fc9c2c41000-7fc9c2c42000 r--p 0001b000 08:01 4985733                    /lib/x86_64-linux-gnu/libz.so.1.2.11
7fc9c2c42000-7fc9c2c43000 rw-p 0001c000 08:01 4985733                    /lib/x86_64-linux-gnu/libz.so.1.2.11
7fc9c2c43000-7fc9c2e2a000 r-xp 00000000 08:01 4982264                    /lib/x86_64-linux-gnu/libc-2.27.so
7fc9c2e2a000-7fc9c302a000 ---p 001e7000 08:01 4982264                    /lib/x86_64-linux-gnu/libc-2.27.so
7fc9c302a000-7fc9c302e000 r--p 001e7000 08:01 4982264                    /lib/x86_64-linux-gnu/libc-2.27.so
7fc9c302e000-7fc9c3030000 rw-p 001eb000 08:01 4982264                    /lib/x86_64-linux-gnu/libc-2.27.so
7fc9c3030000-7fc9c3034000 rw-p 00000000 00:00 0 
7fc9c3034000-7fc9c3042000 r-xp 00000000 08:01 4593313                    /usr/lib/jvm/java-8-openjdk-amd64/jre/lib/amd64/jli/libjli.so
7fc9c3042000-7fc9c3241000 ---p 0000e000 08:01 4593313                    /usr/lib/jvm/java-8-openjdk-amd64/jre/lib/amd64/jli/libjli.so
7fc9c3241000-7fc9c3242000 r--p 0000d000 08:01 4593313                    /usr/lib/jvm/java-8-openjdk-amd64/jre/lib/amd64/jli/libjli.so
7fc9c3242000-7fc9c3243000 rw-p 0000e000 08:01 4593313                    /usr/lib/jvm/java-8-openjdk-amd64/jre/lib/amd64/jli/libjli.so
7fc9c3243000-7fc9c326a000 r-xp 00000000 08:01 4982180                    /lib/x86_64-linux-gnu/ld-2.27.so
7fc9c326e000-7fc9c3270000 r--s 00016000 08:01 4597273                    /usr/lib/jvm/java-8-openjdk-amd64/jre/lib/jce.jar
7fc9c3270000-7fc9c3272000 r--s 00005000 08:01 4063246                    /opt/minecraft/snapshot/world/datapacks/wandering trades v1.1.0.zip
7fc9c3272000-7fc9c3273000 r--s 00000000 08:01 4063247                    /opt/minecraft/snapshot/world/datapacks/player head drops v1.0.0.zip
7fc9c3273000-7fc9c3284000 r--s 001bc000 08:01 4600114                    /usr/lib/jvm/java-8-openjdk-amd64/jre/lib/jsse.jar
7fc9c3284000-7fc9c328e000 r--s 00117000 08:01 4597258                    /usr/lib/jvm/java-8-openjdk-amd64/jre/lib/ext/localedata.jar
7fc9c328e000-7fc9c3291000 r--s 0000f000 08:01 4597256                    /usr/lib/jvm/java-8-openjdk-amd64/jre/lib/ext/icedtea-sound.jar
7fc9c3291000-7fc9c3292000 r--s 0000d000 08:01 4597260                    /usr/lib/jvm/java-8-openjdk-amd64/jre/lib/ext/sunec.jar
7fc9c3292000-7fc9c32ad000 r--s 00394000 08:01 4597254                    /usr/lib/jvm/java-8-openjdk-amd64/jre/lib/ext/cldrdata.jar
7fc9c32ad000-7fc9c3344000 rw-p 00000000 00:00 0 
7fc9c3344000-7fc9c3345000 ---p 00000000 00:00 0 
7fc9c3345000-7fc9c3348000 ---p 00000000 00:00 0 
7fc9c3348000-7fc9c3447000 rw-p 00000000 00:00 0 
7fc9c3447000-7fc9c344d000 r--s 0003d000 08:01 4597261                    /usr/lib/jvm/java-8-openjdk-amd64/jre/lib/ext/sunjce_provider.jar
7fc9c344d000-7fc9c344f000 r--s 00010000 08:01 4597263                    /usr/lib/jvm/java-8-openjdk-amd64/jre/lib/ext/zipfs.jar
7fc9c344f000-7fc9c3451000 r--s 00007000 08:01 5379106                    /usr/share/java/java-atk-wrapper.jar
7fc9c3451000-7fc9c3453000 r--s 00001000 08:01 4597255                    /usr/lib/jvm/java-8-openjdk-amd64/jre/lib/ext/dnsns.jar
7fc9c3453000-7fc9c3454000 r--s 0000a000 08:01 4597257                    /usr/lib/jvm/java-8-openjdk-amd64/jre/lib/ext/jaccess.jar
7fc9c3454000-7fc9c3458000 r--s 00040000 08:01 4597262                    /usr/lib/jvm/java-8-openjdk-amd64/jre/lib/ext/sunpkcs11.jar
7fc9c3458000-7fc9c345e000 r--s 000d3000 08:01 4600113                    /usr/lib/jvm/java-8-openjdk-amd64/jre/lib/jfr.jar
7fc9c345e000-7fc9c3466000 rw-s 00000000 08:01 2097154                    /tmp/hsperfdata_minecraft/2897
7fc9c3466000-7fc9c3467000 rw-p 00000000 00:00 0 
7fc9c3467000-7fc9c3468000 r--p 00000000 00:00 0 
7fc9c3468000-7fc9c346a000 rw-p 00000000 00:00 0 
7fc9c346a000-7fc9c346b000 r--p 00027000 08:01 4982180                    /lib/x86_64-linux-gnu/ld-2.27.so
7fc9c346b000-7fc9c346c000 rw-p 00028000 08:01 4982180                    /lib/x86_64-linux-gnu/ld-2.27.so
7fc9c346c000-7fc9c346d000 rw-p 00000000 00:00 0 
7fff178c6000-7fff178e7000 rw-p 00000000 00:00 0                          [stack]
7fff179ed000-7fff179f0000 r--p 00000000 00:00 0                          [vvar]
7fff179f0000-7fff179f1000 r-xp 00000000 00:00 0                          [vdso]
ffffffffff600000-ffffffffff601000 --xp 00000000 00:00 0                  [vsyscall]

VM Arguments:
jvm_args: -Xmx3G 
java_command: minecraft_server.jar nogui
java_class_path (initial): minecraft_server.jar
Launcher Type: SUN_STANDARD

Environment Variables:
PATH=/usr/local/sbin:/usr/local/bin:/usr/sbin:/usr/bin:/sbin:/bin:/snap/bin
SHELL=/bin/bash

Signal Handlers:
SIGSEGV: [libjvm.so+0xb6c690], sa_mask[0]=11111111011111111101111111111110, sa_flags=SA_RESTART|SA_SIGINFO
SIGBUS: [libjvm.so+0xb6c690], sa_mask[0]=11111111011111111101111111111110, sa_flags=SA_RESTART|SA_SIGINFO
SIGFPE: [libjvm.so+0x98c990], sa_mask[0]=11111111011111111101111111111110, sa_flags=SA_RESTART|SA_SIGINFO
SIGPIPE: [libjvm.so+0x98c990], sa_mask[0]=11111111011111111101111111111110, sa_flags=SA_RESTART|SA_SIGINFO
SIGXFSZ: [libjvm.so+0x98c990], sa_mask[0]=11111111011111111101111111111110, sa_flags=SA_RESTART|SA_SIGINFO
SIGILL: [libjvm.so+0x98c990], sa_mask[0]=11111111011111111101111111111110, sa_flags=SA_RESTART|SA_SIGINFO
SIGUSR1: SIG_DFL, sa_mask[0]=00000000000000000000000000000000, sa_flags=none
SIGUSR2: [libjvm.so+0x98c840], sa_mask[0]=00000000000000000000000000000000, sa_flags=SA_RESTART|SA_SIGINFO
SIGHUP: [libjvm.so+0x98ceb0], sa_mask[0]=11111111011111111101111111111110, sa_flags=SA_RESTART|SA_SIGINFO
SIGINT: [libjvm.so+0x98ceb0], sa_mask[0]=11111111011111111101111111111110, sa_flags=SA_RESTART|SA_SIGINFO
SIGTERM: [libjvm.so+0x98ceb0], sa_mask[0]=11111111011111111101111111111110, sa_flags=SA_RESTART|SA_SIGINFO
SIGQUIT: [libjvm.so+0x98ceb0], sa_mask[0]=11111111011111111101111111111110, sa_flags=SA_RESTART|SA_SIGINFO


---------------  S Y S T E M  ---------------

OS:DISTRIB_ID=Ubuntu
DISTRIB_RELEASE=18.04
DISTRIB_CODENAME=bionic
DISTRIB_DESCRIPTION="Ubuntu 18.04.5 LTS"

uname:Linux 5.4.0-56-generic #62~18.04.1-Ubuntu SMP Tue Nov 24 10:07:50 UTC 2020 x86_64
libc:glibc 2.27 NPTL 2.27 
rlimit: STACK 8192k, CORE 0k, NPROC 63532, NOFILE 4096, AS infinity
load average:4.36 4.37 4.76

/proc/meminfo:
MemTotal:       16312580 kB
MemFree:          185236 kB
MemAvailable:    3589432 kB
Buffers:          597560 kB
Cached:          3913772 kB
SwapCached:          256 kB
Active:         12906260 kB
Inactive:        2384128 kB
Active(anon):   11053836 kB
Inactive(anon):   808552 kB
Active(file):    1852424 kB
Inactive(file):  1575576 kB
Unevictable:      308536 kB
Mlocked:              64 kB
SwapTotal:       2097148 kB
SwapFree:        2096636 kB
Dirty:               392 kB
Writeback:             0 kB
AnonPages:      11087380 kB
Mapped:           831248 kB
Shmem:           1083328 kB
KReclaimable:     311684 kB
Slab:             394856 kB
SReclaimable:     311684 kB
SUnreclaim:        83172 kB
KernelStack:       15344 kB
PageTables:        70012 kB
NFS_Unstable:          0 kB
Bounce:                0 kB
WritebackTmp:          0 kB
CommitLimit:    10253436 kB
Committed_AS:   17999108 kB
VmallocTotal:   34359738367 kB
VmallocUsed:       26984 kB
VmallocChunk:          0 kB
Percpu:             3104 kB
HardwareCorrupted:     0 kB
AnonHugePages:         0 kB
ShmemHugePages:        0 kB
ShmemPmdMapped:        0 kB
FileHugePages:         0 kB
FilePmdMapped:         0 kB
CmaTotal:              0 kB
CmaFree:               0 kB
HugePages_Total:       0
HugePages_Free:        0
HugePages_Rsvd:        0
HugePages_Surp:        0
Hugepagesize:       2048 kB
Hugetlb:               0 kB
DirectMap4k:      247616 kB
DirectMap2M:    16445440 kB

container (cgroup) information:
container_type: cgroupv1
cpu_cpuset_cpus: 0-3
cpu_memory_nodes: 0
active_processor_count: 4
cpu_quota: -1
cpu_period: 100000
cpu_shares: -1
memory_limit_in_bytes: -1
memory_and_swap_limit_in_bytes: -2
memory_soft_limit_in_bytes: -1
memory_usage_in_bytes: 15973429248
memory_max_usage_in_bytes: 0


CPU:total 4 (initial active 4) (4 cores per cpu, 1 threads per core) family 6 model 42 stepping 7, cmov, cx8, fxsr, mmx, sse, sse2, sse3, ssse3, sse4.1, sse4.2, popcnt, avx, aes, clmul, tsc, tscinvbit

/proc/cpuinfo:
processor	: 0
vendor_id	: GenuineIntel
cpu family	: 6
model		: 42
model name	: Intel(R) Core(TM) i5-2310 CPU @ 2.90GHz
stepping	: 7
microcode	: 0x2f
cpu MHz		: 3088.262
cache size	: 6144 KB
physical id	: 0
siblings	: 4
core id		: 0
cpu cores	: 4
apicid		: 0
initial apicid	: 0
fpu		: yes
fpu_exception	: yes
cpuid level	: 13
wp		: yes
flags		: fpu vme de pse tsc msr pae mce cx8 apic sep mtrr pge mca cmov pat pse36 clflush dts acpi mmx fxsr sse sse2 ht tm pbe syscall nx rdtscp lm constant_tsc arch_perfmon pebs bts rep_good nopl xtopology nonstop_tsc cpuid aperfmperf pni pclmulqdq dtes64 monitor ds_cpl vmx est tm2 ssse3 cx16 xtpr pdcm pcid sse4_1 sse4_2 popcnt tsc_deadline_timer aes xsave avx lahf_lm epb pti ssbd ibrs ibpb stibp tpr_shadow vnmi flexpriority ept vpid xsaveopt dtherm ida arat pln pts md_clear flush_l1d
bugs		: cpu_meltdown spectre_v1 spectre_v2 spec_store_bypass l1tf mds swapgs itlb_multihit
bogomips	: 5786.52
clflush size	: 64
cache_alignment	: 64
address sizes	: 36 bits physical, 48 bits virtual
power management:

processor	: 1
vendor_id	: GenuineIntel
cpu family	: 6
model		: 42
model name	: Intel(R) Core(TM) i5-2310 CPU @ 2.90GHz
stepping	: 7
microcode	: 0x2f
cpu MHz		: 3103.714
cache size	: 6144 KB
physical id	: 0
siblings	: 4
core id		: 1
cpu cores	: 4
apicid		: 2
initial apicid	: 2
fpu		: yes
fpu_exception	: yes
cpuid level	: 13
wp		: yes
flags		: fpu vme de pse tsc msr pae mce cx8 apic sep mtrr pge mca cmov pat pse36 clflush dts acpi mmx fxsr sse sse2 ht tm pbe syscall nx rdtscp lm constant_tsc arch_perfmon pebs bts rep_good nopl xtopology nonstop_tsc cpuid aperfmperf pni pclmulqdq dtes64 monitor ds_cpl vmx est tm2 ssse3 cx16 xtpr pdcm pcid sse4_1 sse4_2 popcnt tsc_deadline_timer aes xsave avx lahf_lm epb pti ssbd ibrs ibpb stibp tpr_shadow vnmi flexpriority ept vpid xsaveopt dtherm ida arat pln pts md_clear flush_l1d
bugs		: cpu_meltdown spectre_v1 spectre_v2 spec_store_bypass l1tf mds swapgs itlb_multihit
bogomips	: 5786.52
clflush size	: 64
cache_alignment	: 64
address sizes	: 36 bits physical, 48 bits virtual
power management:

processor	: 2
vendor_id	: GenuineIntel
cpu family	: 6
model		: 42
model name	: Intel(R) Core(TM) i5-2310 CPU @ 2.90GHz
stepping	: 7
microcode	: 0x2f
cpu MHz		: 3088.508
cache size	: 6144 KB
physical id	: 0
siblings	: 4
core id		: 2
cpu cores	: 4
apicid		: 4
initial apicid	: 4
fpu		: yes
fpu_exception	: yes
cpuid level	: 13
wp		: yes
flags		: fpu vme de pse tsc msr pae mce cx8 apic sep mtrr pge mca cmov pat pse36 clflush dts acpi mmx fxsr sse sse2 ht tm pbe syscall nx rdtscp lm constant_tsc arch_perfmon pebs bts rep_good nopl xtopology nonstop_tsc cpuid aperfmperf pni pclmulqdq dtes64 monitor ds_cpl vmx est tm2 ssse3 cx16 xtpr pdcm pcid sse4_1 sse4_2 popcnt tsc_deadline_timer aes xsave avx lahf_lm epb pti ssbd ibrs ibpb stibp tpr_shadow vnmi flexpriority ept vpid xsaveopt dtherm ida arat pln pts md_clear flush_l1d
bugs		: cpu_meltdown spectre_v1 spectre_v2 spec_store_bypass l1tf mds swapgs itlb_multihit
bogomips	: 5786.52
clflush size	: 64
cache_alignment	: 64
address sizes	: 36 bits physical, 48 bits virtual
power management:

processor	: 3
vendor_id	: GenuineIntel
cpu family	: 6
model		: 42
model name	: Intel(R) Core(TM) i5-2310 CPU @ 2.90GHz
stepping	: 7
microcode	: 0x2f
cpu MHz		: 3094.024
cache size	: 6144 KB
physical id	: 0
siblings	: 4
core id		: 3
cpu cores	: 4
apicid		: 6
initial apicid	: 6
fpu		: yes
fpu_exception	: yes
cpuid level	: 13
wp		: yes
flags		: fpu vme de pse tsc msr pae mce cx8 apic sep mtrr pge mca cmov pat pse36 clflush dts acpi mmx fxsr sse sse2 ht tm pbe syscall nx rdtscp lm constant_tsc arch_perfmon pebs bts rep_good nopl xtopology nonstop_tsc cpuid aperfmperf pni pclmulqdq dtes64 monitor ds_cpl vmx est tm2 ssse3 cx16 xtpr pdcm pcid sse4_1 sse4_2 popcnt tsc_deadline_timer aes xsave avx lahf_lm epb pti ssbd ibrs ibpb stibp tpr_shadow vnmi flexpriority ept vpid xsaveopt dtherm ida arat pln pts md_clear flush_l1d
bugs		: cpu_meltdown spectre_v1 spectre_v2 spec_store_bypass l1tf mds swapgs itlb_multihit
bogomips	: 5786.52
clflush size	: 64
cache_alignment	: 64
address sizes	: 36 bits physical, 48 bits virtual
power management:



Memory: 4k page, physical 16312580k(185236k free), swap 2097148k(2096636k free)

vm_info: OpenJDK 64-Bit Server VM (25.275-b01) for linux-amd64 JRE (1.8.0_275-8u275-b01-0ubuntu1~18.04-b01), built on Nov  9 2020 02:38:58 by "buildd" with gcc 7.5.0

time: Sun Dec  6 09:28:33 2020
timezone: CET
elapsed time: 74444.010073 seconds (0d 20h 40m 44s)

