[16:52:10] [main/INFO]: Environment: authHost='https://authserver.mojang.com', accountsHost='https://api.mojang.com', sessionHost='https://sessionserver.mojang.com', name='PROD'
[16:52:11] [main/WARN]: Ambiguity between arguments [teleport, destination] and [teleport, targets] with inputs: [Player, 0123, @e, dd12be42-52a9-4a91-a8a1-11c01849e498]
[16:52:11] [main/WARN]: Ambiguity between arguments [teleport, location] and [teleport, destination] with inputs: [0.1 -0.5 .9, 0 0 0]
[16:52:11] [main/WARN]: Ambiguity between arguments [teleport, location] and [teleport, targets] with inputs: [0.1 -0.5 .9, 0 0 0]
[16:52:11] [main/WARN]: Ambiguity between arguments [teleport, targets] and [teleport, destination] with inputs: [Player, 0123, dd12be42-52a9-4a91-a8a1-11c01849e498]
[16:52:11] [main/WARN]: Ambiguity between arguments [teleport, targets, location] and [teleport, targets, destination] with inputs: [0.1 -0.5 .9, 0 0 0]
[16:52:11] [main/INFO]: Reloading ResourceManager: Default, player head drops v1.0.0.zip, wandering trades v1.1.0.zip
[16:52:12] [Worker-Main-5/INFO]: Loaded 7 recipes
[16:52:12] [Worker-Main-5/ERROR]: Parsing error loading custom advancement main:main/namespace: Expected item to be an item, was unknown string 'minecraft:item'
[16:52:13] [Worker-Main-5/INFO]: Loaded 929 advancements
[16:52:14] [Server thread/INFO]: Starting minecraft server version 1.16.3
[16:52:14] [Server thread/INFO]: Loading properties
[16:52:14] [Server thread/INFO]: Default game type: SURVIVAL
[16:52:14] [Server thread/INFO]: Generating keypair
[16:52:14] [Server thread/INFO]: Starting Minecraft server on *:25565
[16:52:14] [Server thread/INFO]: Using epoll channel type
[16:52:15] [Server thread/INFO]: Preparing level "world"
[16:52:15] [Server thread/INFO]: Preparing start region for dimension minecraft:overworld
[16:52:17] [Server thread/INFO]: Preparing spawn area: 0%
[16:52:17] [Server thread/INFO]: Preparing spawn area: 0%
[16:52:17] [Server thread/INFO]: Preparing spawn area: 0%
[16:52:17] [Server thread/INFO]: Preparing spawn area: 0%
[16:52:17] [Server thread/INFO]: Preparing spawn area: 0%
[16:52:17] [Server thread/INFO]: Preparing spawn area: 0%
[16:52:18] [Server thread/INFO]: Preparing spawn area: 6%
[16:52:18] [Server thread/INFO]: Time elapsed: 3487 ms
[16:52:18] [Server thread/INFO]: Done (3.688s)! For help, type "help"
